apps/dispatcher/app/build/intermediates/manifest_merge_blame_file/debug/processDebugMainManifest/manifest-merger-blame-debug-report.txt
1<?xml version="1.0" encoding="utf-8"?>
2<manifest xmlns:android="http://schemas.android.com/apk/res/android"
3    package="app.topup.dispatcher"
4    android:versionCode="1"
5    android:versionName="0.1.0" >
6
7    <uses-sdk
8        android:minSdkVersion="26"
9        android:targetSdkVersion="35" />
10
11    <uses-permission android:name="android.permission.INTERNET" />
11-->src/main/AndroidManifest.xml:4:5-67
11-->src/main/AndroidManifest.xml:4:22-64
12    <uses-permission android:name="android.permission.RECEIVE_BOOT_COMPLETED" />
12-->src/main/AndroidManifest.xml:5:5-81
12-->src/main/AndroidManifest.xml:5:22-78
13    <uses-permission android:name="android.permission.FOREGROUND_SERVICE" />
13-->src/main/AndroidManifest.xml:6:5-77
13-->src/main/AndroidManifest.xml:6:22-74
14    <uses-permission android:name="android.permission.FOREGROUND_SERVICE_DATA_SYNC" />
14-->src/main/AndroidManifest.xml:7:5-87
14-->src/main/AndroidManifest.xml:7:22-84
15    <!-- The operator's receipt is the only proof a transfer landed. -->
16    <uses-permission android:name="android.permission.RECEIVE_SMS" />
16-->src/main/AndroidManifest.xml:9:5-70
16-->src/main/AndroidManifest.xml:9:22-67
17    <!-- Placing the USSD call that opens the menu. -->
18    <uses-permission android:name="android.permission.CALL_PHONE" />
18-->src/main/AndroidManifest.xml:11:5-69
18-->src/main/AndroidManifest.xml:11:22-66
19
20    <permission
20-->[androidx.core:core:1.15.0] AndroidManifest.xml:22:5-24:47
21        android:name="app.topup.dispatcher.DYNAMIC_RECEIVER_NOT_EXPORTED_PERMISSION"
21-->[androidx.core:core:1.15.0] AndroidManifest.xml:23:9-81
22        android:protectionLevel="signature" />
22-->[androidx.core:core:1.15.0] AndroidManifest.xml:24:9-44
23
24    <uses-permission android:name="app.topup.dispatcher.DYNAMIC_RECEIVER_NOT_EXPORTED_PERMISSION" />
24-->[androidx.core:core:1.15.0] AndroidManifest.xml:26:5-97
24-->[androidx.core:core:1.15.0] AndroidManifest.xml:26:22-94
25
26    <application
26-->src/main/AndroidManifest.xml:13:5-57:19
27        android:allowBackup="false"
27-->src/main/AndroidManifest.xml:16:9-36
28        android:appComponentFactory="androidx.core.app.CoreComponentFactory"
28-->[androidx.core:core:1.15.0] AndroidManifest.xml:28:18-86
29        android:debuggable="true"
30        android:extractNativeLibs="false"
31        android:icon="@android:drawable/ic_menu_call"
31-->src/main/AndroidManifest.xml:15:9-54
32        android:label="@string/app_name"
32-->src/main/AndroidManifest.xml:14:9-41
33        android:supportsRtl="true" >
33-->src/main/AndroidManifest.xml:17:9-35
34        <activity
34-->src/main/AndroidManifest.xml:19:9-24:20
35            android:name="app.topup.dispatcher.MainActivity"
35-->src/main/AndroidManifest.xml:19:19-47
36            android:exported="true" >
36-->src/main/AndroidManifest.xml:19:48-71
37            <intent-filter>
37-->src/main/AndroidManifest.xml:20:13-23:29
38                <action android:name="android.intent.action.MAIN" />
38-->src/main/AndroidManifest.xml:21:17-69
38-->src/main/AndroidManifest.xml:21:25-66
39
40                <category android:name="android.intent.category.LAUNCHER" />
40-->src/main/AndroidManifest.xml:22:17-77
40-->src/main/AndroidManifest.xml:22:27-74
41            </intent-filter>
42        </activity>
43
44        <service
44-->src/main/AndroidManifest.xml:26:9-29:56
45            android:name="app.topup.dispatcher.DispatchService"
45-->src/main/AndroidManifest.xml:27:13-44
46            android:exported="false"
46-->src/main/AndroidManifest.xml:28:13-37
47            android:foregroundServiceType="dataSync" />
47-->src/main/AndroidManifest.xml:29:13-53
48
49        <!--
50             Drives the USSD dialog. Not an accessibility aid: the platform
51             offers no other way to answer a multi-step menu, which is why this
52             app is sideloaded and never published.
53        -->
54        <service
54-->src/main/AndroidManifest.xml:34:9-44:19
55            android:name="app.topup.dispatcher.UssdAccessibilityService"
55-->src/main/AndroidManifest.xml:35:13-53
56            android:exported="false"
56-->src/main/AndroidManifest.xml:36:13-37
57            android:permission="android.permission.BIND_ACCESSIBILITY_SERVICE" >
57-->src/main/AndroidManifest.xml:37:13-79
58            <intent-filter>
58-->src/main/AndroidManifest.xml:38:13-40:29
59                <action android:name="android.accessibilityservice.AccessibilityService" />
59-->src/main/AndroidManifest.xml:39:17-92
59-->src/main/AndroidManifest.xml:39:25-89
60            </intent-filter>
61
62            <meta-data
62-->src/main/AndroidManifest.xml:41:13-43:62
63                android:name="android.accessibilityservice"
63-->src/main/AndroidManifest.xml:42:17-60
64                android:resource="@xml/ussd_accessibility" />
64-->src/main/AndroidManifest.xml:43:17-59
65        </service>
66
67        <receiver
67-->src/main/AndroidManifest.xml:46:9-50:20
68            android:name="app.topup.dispatcher.SmsReceiver"
68-->src/main/AndroidManifest.xml:46:19-46
69            android:exported="true" >
69-->src/main/AndroidManifest.xml:46:47-70
70            <intent-filter android:priority="999" >
70-->src/main/AndroidManifest.xml:47:13-49:29
70-->src/main/AndroidManifest.xml:47:28-50
71                <action android:name="android.provider.Telephony.SMS_RECEIVED" />
71-->src/main/AndroidManifest.xml:48:17-82
71-->src/main/AndroidManifest.xml:48:25-79
72            </intent-filter>
73        </receiver>
74        <receiver
74-->src/main/AndroidManifest.xml:52:9-56:20
75            android:name="app.topup.dispatcher.BootReceiver"
75-->src/main/AndroidManifest.xml:52:19-47
76            android:exported="true" >
76-->src/main/AndroidManifest.xml:52:48-71
77            <intent-filter>
77-->src/main/AndroidManifest.xml:53:13-55:29
78                <action android:name="android.intent.action.BOOT_COMPLETED" />
78-->src/main/AndroidManifest.xml:54:17-79
78-->src/main/AndroidManifest.xml:54:25-76
79            </intent-filter>
80        </receiver>
81
82        <provider
82-->[androidx.emoji2:emoji2:1.3.0] AndroidManifest.xml:24:9-32:20
83            android:name="androidx.startup.InitializationProvider"
83-->[androidx.emoji2:emoji2:1.3.0] AndroidManifest.xml:25:13-67
84            android:authorities="app.topup.dispatcher.androidx-startup"
84-->[androidx.emoji2:emoji2:1.3.0] AndroidManifest.xml:26:13-68
85            android:exported="false" >
85-->[androidx.emoji2:emoji2:1.3.0] AndroidManifest.xml:27:13-37
86            <meta-data
86-->[androidx.emoji2:emoji2:1.3.0] AndroidManifest.xml:29:13-31:52
87                android:name="androidx.emoji2.text.EmojiCompatInitializer"
87-->[androidx.emoji2:emoji2:1.3.0] AndroidManifest.xml:30:17-75
88                android:value="androidx.startup" />
88-->[androidx.emoji2:emoji2:1.3.0] AndroidManifest.xml:31:17-49
89            <meta-data
89-->[androidx.lifecycle:lifecycle-process:2.6.2] AndroidManifest.xml:29:13-31:52
90                android:name="androidx.lifecycle.ProcessLifecycleInitializer"
90-->[androidx.lifecycle:lifecycle-process:2.6.2] AndroidManifest.xml:30:17-78
91                android:value="androidx.startup" />
91-->[androidx.lifecycle:lifecycle-process:2.6.2] AndroidManifest.xml:31:17-49
92            <meta-data
92-->[androidx.profileinstaller:profileinstaller:1.3.1] AndroidManifest.xml:29:13-31:52
93                android:name="androidx.profileinstaller.ProfileInstallerInitializer"
93-->[androidx.profileinstaller:profileinstaller:1.3.1] AndroidManifest.xml:30:17-85
94                android:value="androidx.startup" />
94-->[androidx.profileinstaller:profileinstaller:1.3.1] AndroidManifest.xml:31:17-49
95        </provider>
96
97        <receiver
97-->[androidx.profileinstaller:profileinstaller:1.3.1] AndroidManifest.xml:34:9-52:20
98            android:name="androidx.profileinstaller.ProfileInstallReceiver"
98-->[androidx.profileinstaller:profileinstaller:1.3.1] AndroidManifest.xml:35:13-76
99            android:directBootAware="false"
99-->[androidx.profileinstaller:profileinstaller:1.3.1] AndroidManifest.xml:36:13-44
100            android:enabled="true"
100-->[androidx.profileinstaller:profileinstaller:1.3.1] AndroidManifest.xml:37:13-35
101            android:exported="true"
101-->[androidx.profileinstaller:profileinstaller:1.3.1] AndroidManifest.xml:38:13-36
102            android:permission="android.permission.DUMP" >
102-->[androidx.profileinstaller:profileinstaller:1.3.1] AndroidManifest.xml:39:13-57
103            <intent-filter>
103-->[androidx.profileinstaller:profileinstaller:1.3.1] AndroidManifest.xml:40:13-42:29
104                <action android:name="androidx.profileinstaller.action.INSTALL_PROFILE" />
104-->[androidx.profileinstaller:profileinstaller:1.3.1] AndroidManifest.xml:41:17-91
104-->[androidx.profileinstaller:profileinstaller:1.3.1] AndroidManifest.xml:41:25-88
105            </intent-filter>
106            <intent-filter>
106-->[androidx.profileinstaller:profileinstaller:1.3.1] AndroidManifest.xml:43:13-45:29
107                <action android:name="androidx.profileinstaller.action.SKIP_FILE" />
107-->[androidx.profileinstaller:profileinstaller:1.3.1] AndroidManifest.xml:44:17-85
107-->[androidx.profileinstaller:profileinstaller:1.3.1] AndroidManifest.xml:44:25-82
108            </intent-filter>
109            <intent-filter>
109-->[androidx.profileinstaller:profileinstaller:1.3.1] AndroidManifest.xml:46:13-48:29
110                <action android:name="androidx.profileinstaller.action.SAVE_PROFILE" />
110-->[androidx.profileinstaller:profileinstaller:1.3.1] AndroidManifest.xml:47:17-88
110-->[androidx.profileinstaller:profileinstaller:1.3.1] AndroidManifest.xml:47:25-85
111            </intent-filter>
112            <intent-filter>
112-->[androidx.profileinstaller:profileinstaller:1.3.1] AndroidManifest.xml:49:13-51:29
113                <action android:name="androidx.profileinstaller.action.BENCHMARK_OPERATION" />
113-->[androidx.profileinstaller:profileinstaller:1.3.1] AndroidManifest.xml:50:17-95
113-->[androidx.profileinstaller:profileinstaller:1.3.1] AndroidManifest.xml:50:25-92
114            </intent-filter>
115        </receiver>
116    </application>
117
118</manifest>